{"name": "test_valid_login", "status": "broken", "statusDetails": {"message": "selenium.common.exceptions.NoSuchElementException: Message: no such element: Unable to locate element: {\"method\":\"xpath\",\"selector\":\"//li[@class='breadcrumb-item ng-star-inserted active']\"}\n  (Session info: chrome=130.0.6723.70); For documentation on this error, please visit: https://www.selenium.dev/documentation/webdriver/troubleshooting/errors#no-such-element-exception\nStacktrace:\n\tGetHandleVerifier [0x00007FF69E013AB5+28005]\n\t(No symbol) [0x00007FF69DF783B0]\n\t(No symbol) [0x00007FF69DE1580A]\n\t(No symbol) [0x00007FF69DE65A3E]\n\t(No symbol) [0x00007FF69DE65D2C]\n\t(No symbol) [0x00007FF69DEAEA97]\n\t(No symbol) [0x00007FF69DE8BA7F]\n\t(No symbol) [0x00007FF69DEAB8B3]\n\t(No symbol) [0x00007FF69DE8B7E3]\n\t(No symbol) [0x00007FF69DE575C8]\n\t(No symbol) [0x00007FF69DE58731]\n\tGetHandleVerifier [0x00007FF69E30643D+3118829]\n\tGetHandleVerifier [0x00007FF69E356C90+3448640]\n\tGetHandleVerifier [0x00007FF69E34CF0D+3408317]\n\tGetHandleVerifier [0x00007FF69E0DA40B+841403]\n\t(No symbol) [0x00007FF69DF8340F]\n\t(No symbol) [0x00007FF69DF7F484]\n\t(No symbol) [0x00007FF69DF7F61D]\n\t(No symbol) [0x00007FF69DF6EB79]\n\tBaseThreadInitThunk [0x00007FFCAFAB7374+20]\n\tRtlUserThreadStart [0x00007FFCB0D7CC91+33]", "trace": "setup = <selenium.webdriver.chrome.webdriver.WebDriver (session=\"337c33c4c07830097c909bc624d27a52\")>\n\n    def test_valid_login(setup):\n        driver = setup\n    \n        # Page Object initialization\n        login_page = LoginPage(driver)\n        dashboard_page = DashboardPage(driver)\n    \n        # Perform login\n        login_page.login(\"sohail.914\", \"sohail@914\")  # Replace with valid credentials\n    \n        # Assert login successMs\n>       assert \"Dashboard\" in dashboard_page.get_dashboard_heading()\n\ntest\\test_login.py:122: \n_ _ _ _ _ _ _ _ _ _ _ _ _ _ _ _ _ _ _ _ _ _ _ _ _ _ _ _ _ _ _ _ _ _ _ _ _ _ _ _ _ _ _ _ _ _ _ _ _ _ _ _ _ _ _ _ _ _ _ _ _ _ _ _ _ _ _ _ _ _ _ _ _ _ _ _ _ _ _\nPageObjects\\DashboardPage.py:44: in get_dashboard_heading\n    return self.driver.find_element(*self.dashboard_heading).text\n.venv\\Lib\\site-packages\\selenium\\webdriver\\remote\\webdriver.py:748: in find_element\n    return self.execute(Command.FIND_ELEMENT, {\"using\": by, \"value\": value})[\"value\"]\n.venv\\Lib\\site-packages\\selenium\\webdriver\\remote\\webdriver.py:354: in execute\n    self.error_handler.check_response(response)\n_ _ _ _ _ _ _ _ _ _ _ _ _ _ _ _ _ _ _ _ _ _ _ _ _ _ _ _ _ _ _ _ _ _ _ _ _ _ _ _ _ _ _ _ _ _ _ _ _ _ _ _ _ _ _ _ _ _ _ _ _ _ _ _ _ _ _ _ _ _ _ _ _ _ _ _ _ _ _\n\nself = <selenium.webdriver.remote.errorhandler.ErrorHandler object at 0x0000022CE0366420>\nresponse = {'status': 404, 'value': '{\"value\":{\"error\":\"no such element\",\"message\":\"no such element: Unable to locate element: {\\...07FF69DF6EB79]\\\\n\\\\tBaseThreadInitThunk [0x00007FFCAFAB7374+20]\\\\n\\\\tRtlUserThreadStart [0x00007FFCB0D7CC91+33]\\\\n\"}}'}\n\n    def check_response(self, response: Dict[str, Any]) -> None:\n        \"\"\"Checks that a JSON response from the WebDriver does not have an\n        error.\n    \n        :Args:\n         - response - The JSON response from the WebDriver server as a dictionary\n           object.\n    \n        :Raises: If the response contains an error message.\n        \"\"\"\n        status = response.get(\"status\", None)\n        if not status or status == ErrorCode.SUCCESS:\n            return\n        value = None\n        message = response.get(\"message\", \"\")\n        screen: str = response.get(\"screen\", \"\")\n        stacktrace = None\n        if isinstance(status, int):\n            value_json = response.get(\"value\", None)\n            if value_json and isinstance(value_json, str):\n                import json\n    \n                try:\n                    value = json.loads(value_json)\n                    if len(value) == 1:\n                        value = value[\"value\"]\n                    status = value.get(\"error\", None)\n                    if not status:\n                        status = value.get(\"status\", ErrorCode.UNKNOWN_ERROR)\n                        message = value.get(\"value\") or value.get(\"message\")\n                        if not isinstance(message, str):\n                            value = message\n                            message = message.get(\"message\")\n                    else:\n                        message = value.get(\"message\", None)\n                except ValueError:\n                    pass\n    \n        exception_class: Type[WebDriverException]\n        e = ErrorCode()\n        error_codes = [item for item in dir(e) if not item.startswith(\"__\")]\n        for error_code in error_codes:\n            error_info = getattr(ErrorCode, error_code)\n            if isinstance(error_info, list) and status in error_info:\n                exception_class = getattr(ExceptionMapping, error_code, WebDriverException)\n                break\n        else:\n            exception_class = WebDriverException\n    \n        if not value:\n            value = response[\"value\"]\n        if isinstance(value, str):\n            raise exception_class(value)\n        if message == \"\" and \"message\" in value:\n            message = value[\"message\"]\n    \n        screen = None  # type: ignore[assignment]\n        if \"screen\" in value:\n            screen = value[\"screen\"]\n    \n        stacktrace = None\n        st_value = value.get(\"stackTrace\") or value.get(\"stacktrace\")\n        if st_value:\n            if isinstance(st_value, str):\n                stacktrace = st_value.split(\"\\n\")\n            else:\n                stacktrace = []\n                try:\n                    for frame in st_value:\n                        line = frame.get(\"lineNumber\", \"\")\n                        file = frame.get(\"fileName\", \"<anonymous>\")\n                        if line:\n                            file = f\"{file}:{line}\"\n                        meth = frame.get(\"methodName\", \"<anonymous>\")\n                        if \"className\" in frame:\n                            meth = f\"{frame['className']}.{meth}\"\n                        msg = \"    at %s (%s)\"\n                        msg = msg % (meth, file)\n                        stacktrace.append(msg)\n                except TypeError:\n                    pass\n        if exception_class == UnexpectedAlertPresentException:\n            alert_text = None\n            if \"data\" in value:\n                alert_text = value[\"data\"].get(\"text\")\n            elif \"alert\" in value:\n                alert_text = value[\"alert\"].get(\"text\")\n            raise exception_class(message, screen, stacktrace, alert_text)  # type: ignore[call-arg]  # mypy is not smart enough here\n>       raise exception_class(message, screen, stacktrace)\nE       selenium.common.exceptions.NoSuchElementException: Message: no such element: Unable to locate element: {\"method\":\"xpath\",\"selector\":\"//li[@class='breadcrumb-item ng-star-inserted active']\"}\nE         (Session info: chrome=130.0.6723.70); For documentation on this error, please visit: https://www.selenium.dev/documentation/webdriver/troubleshooting/errors#no-such-element-exception\nE       Stacktrace:\nE       \tGetHandleVerifier [0x00007FF69E013AB5+28005]\nE       \t(No symbol) [0x00007FF69DF783B0]\nE       \t(No symbol) [0x00007FF69DE1580A]\nE       \t(No symbol) [0x00007FF69DE65A3E]\nE       \t(No symbol) [0x00007FF69DE65D2C]\nE       \t(No symbol) [0x00007FF69DEAEA97]\nE       \t(No symbol) [0x00007FF69DE8BA7F]\nE       \t(No symbol) [0x00007FF69DEAB8B3]\nE       \t(No symbol) [0x00007FF69DE8B7E3]\nE       \t(No symbol) [0x00007FF69DE575C8]\nE       \t(No symbol) [0x00007FF69DE58731]\nE       \tGetHandleVerifier [0x00007FF69E30643D+3118829]\nE       \tGetHandleVerifier [0x00007FF69E356C90+3448640]\nE       \tGetHandleVerifier [0x00007FF69E34CF0D+3408317]\nE       \tGetHandleVerifier [0x00007FF69E0DA40B+841403]\nE       \t(No symbol) [0x00007FF69DF8340F]\nE       \t(No symbol) [0x00007FF69DF7F484]\nE       \t(No symbol) [0x00007FF69DF7F61D]\nE       \t(No symbol) [0x00007FF69DF6EB79]\nE       \tBaseThreadInitThunk [0x00007FFCAFAB7374+20]\nE       \tRtlUserThreadStart [0x00007FFCB0D7CC91+33]\n\n.venv\\Lib\\site-packages\\selenium\\webdriver\\remote\\errorhandler.py:229: NoSuchElementException"}, "start": 1730024834700, "stop": 1730024845301, "uuid": "b2d5352e-6f4f-4065-bc0a-688ea305e7c1", "historyId": "f4f1e8df3bb48d548f3bad1065d95d3a", "testCaseId": "f4f1e8df3bb48d548f3bad1065d95d3a", "fullName": "test.test_login#test_valid_login", "labels": [{"name": "parentSuite", "value": "test"}, {"name": "suite", "value": "test_login"}, {"name": "host", "value": "DESKTOP-VHI7V6P"}, {"name": "thread", "value": "12252-MainThread"}, {"name": "framework", "value": "pytest"}, {"name": "language", "value": "cpython3"}, {"name": "package", "value": "test.test_login"}]}